<?xml version="1.0" encoding="UTF-8"?>
<!-- Generated by org.testng.reporters.JUnitXMLReporter -->
<testsuite hostname="COGNIWIN10-V1" ignored="2" name="Test" tests="7" failures="0" timestamp="2019-12-02T17:39:36 IST" time="8.009" errors="0">
  <testcase name="addBookinLibrary" time="3.924" classname="tests.TC_01_AddNewBookinLibrary"/>
  <testcase name="addBookinLibrary" time="0.61" classname="tests.TC_01_AddNewBookinLibrary"/>
  <testcase name="addBookinLibrary" time="0.661" classname="tests.TC_01_AddNewBookinLibrary"/>
  <testcase name="addBookinLibrary" time="0.608" classname="tests.TC_01_AddNewBookinLibrary"/>
  <testcase name="getBookbyAuthorName" time="0.686" classname="tests.TC_02_GetBookfromLibrary"/>
  <testcase name="getBookbyID" time="0.642" classname="tests.TC_02_GetBookfromLibrary"/>
  <testcase name="deleteBookfromLibrary" time="0.621" classname="tests.TC03_DeleteBookfromLibrary"/>
  <testcase name="@BeforeSuite setBaseURI" time="0.0" classname="base.APITestBase">
    <ignored/>
  </testcase> <!-- @BeforeSuite setBaseURI -->
  <testcase name="@BeforeSuite setBaseURI" time="0.0" classname="base.APITestBase">
    <ignored/>
  </testcase> <!-- @BeforeSuite setBaseURI -->
</testsuite> <!-- Test -->
